<?xml version="1.0" encoding="UTF-8"?>
<testng-results skipped="0" failed="0" ignored="0" total="1" passed="1">
  <reporter-output>
  </reporter-output>
  <suite name="Default suite" duration-ms="15125" started-at="2020-05-25T15:47:03 IST" finished-at="2020-05-25T15:47:18 IST">
    <groups>
    </groups>
    <test name="Default test" duration-ms="15125" started-at="2020-05-25T15:47:03 IST" finished-at="2020-05-25T15:47:18 IST">
      <class name="ExtentReportClass">
        <test-method status="PASS" signature="beforeTest()[pri:0, instance:ExtentReportClass@2a17b7b6]" name="beforeTest" is-config="true" duration-ms="164" started-at="2020-05-25T15:47:03 IST" finished-at="2020-05-25T15:47:03 IST">
          <reporter-output>
          </reporter-output>
        </test-method> <!-- beforeTest -->
        <test-method status="PASS" signature="test()[pri:0, instance:ExtentReportClass@2a17b7b6]" name="test" duration-ms="14908" started-at="2020-05-25T15:47:03 IST" finished-at="2020-05-25T15:47:18 IST">
          <reporter-output>
          </reporter-output>
        </test-method> <!-- test -->
      </class> <!-- ExtentReportClass -->
    </test> <!-- Default test -->
  </suite> <!-- Default suite -->
</testng-results>
